<?xml version="1.0" encoding="UTF-8"?>
<!-- Generated by org.testng.reporters.JUnitReportReporter -->
<testsuite hostname="Crowley.local" name="by.skakun.carrentalsystem.entity.ClientTest" tests="21" failures="0" timestamp="1 Sep 2014 20:04:24 GMT" time="0.062" errors="0">
  <testcase name="testGetActive" time="0.000" classname="by.skakun.carrentalsystem.entity.ClientTest"/>
  <testcase name="testSetCredit" time="0.000" classname="by.skakun.carrentalsystem.entity.ClientTest"/>
  <testcase name="testGetType" time="0.000" classname="by.skakun.carrentalsystem.entity.ClientTest"/>
  <testcase name="testGetName" time="0.000" classname="by.skakun.carrentalsystem.entity.ClientTest"/>
  <testcase name="testSetPassNum" time="0.000" classname="by.skakun.carrentalsystem.entity.ClientTest"/>
  <testcase name="testGetEmail" time="0.000" classname="by.skakun.carrentalsystem.entity.ClientTest"/>
  <testcase name="testSetSurname" time="0.000" classname="by.skakun.carrentalsystem.entity.ClientTest"/>
  <testcase name="testSetType" time="0.006" classname="by.skakun.carrentalsystem.entity.ClientTest"/>
  <testcase name="testGetId" time="0.000" classname="by.skakun.carrentalsystem.entity.ClientTest"/>
  <testcase name="testGetPassNum" time="0.000" classname="by.skakun.carrentalsystem.entity.ClientTest"/>
  <testcase name="testSetLogin" time="0.003" classname="by.skakun.carrentalsystem.entity.ClientTest"/>
  <testcase name="testSetEmail" time="0.001" classname="by.skakun.carrentalsystem.entity.ClientTest"/>
  <testcase name="testGetCredit" time="0.036" classname="by.skakun.carrentalsystem.entity.ClientTest"/>
  <testcase name="testSetActive" time="0.000" classname="by.skakun.carrentalsystem.entity.ClientTest"/>
  <testcase name="testSetName" time="0.000" classname="by.skakun.carrentalsystem.entity.ClientTest"/>
  <testcase name="testGetLogin" time="0.013" classname="by.skakun.carrentalsystem.entity.ClientTest"/>
  <testcase name="testSetId" time="0.000" classname="by.skakun.carrentalsystem.entity.ClientTest"/>
  <testcase name="testGetSurname" time="0.000" classname="by.skakun.carrentalsystem.entity.ClientTest"/>
  <testcase name="testGetPassword" time="0.001" classname="by.skakun.carrentalsystem.entity.ClientTest"/>
  <testcase name="testSetPassword" time="0.001" classname="by.skakun.carrentalsystem.entity.ClientTest"/>
  <testcase name="testEquals" time="0.001" classname="by.skakun.carrentalsystem.entity.ClientTest"/>
</testsuite> <!-- by.skakun.carrentalsystem.entity.ClientTest -->
