<?xml version="1.0" encoding="UTF-8"?>
<!-- Generated by org.testng.reporters.JUnitReportReporter -->
<testsuite hostname="Crowley.local" name="by.skakun.carrentalsystem.dao.impl.ClientDaoImplTest" tests="2" failures="0" timestamp="25 Aug 2014 09:34:00 GMT" time="3.042" errors="0">
  <testcase name="testCheckLogin" time="3.040" classname="by.skakun.carrentalsystem.dao.impl.ClientDaoImplTest"/>
  <testcase name="testDeleteUser" time="0.002" classname="by.skakun.carrentalsystem.dao.impl.ClientDaoImplTest"/>
</testsuite> <!-- by.skakun.carrentalsystem.dao.impl.ClientDaoImplTest -->
