<?xml version="1.0" encoding="UTF-8"?>
<!-- Generated by org.testng.reporters.JUnitReportReporter -->
<testsuite hostname="Crowley.local" name="by.skakun.carrentalsystem.entity.ClientTest" tests="21" failures="0" timestamp="27 Aug 2014 10:28:21 GMT" time="0.069" errors="0">
  <testcase name="testSetPassNum" time="0.000" classname="by.skakun.carrentalsystem.entity.ClientTest"/>
  <testcase name="testGetLogin" time="0.000" classname="by.skakun.carrentalsystem.entity.ClientTest"/>
  <testcase name="testGetName" time="0.000" classname="by.skakun.carrentalsystem.entity.ClientTest"/>
  <testcase name="testSetName" time="0.000" classname="by.skakun.carrentalsystem.entity.ClientTest"/>
  <testcase name="testSetType" time="0.063" classname="by.skakun.carrentalsystem.entity.ClientTest"/>
  <testcase name="testGetPassNum" time="0.000" classname="by.skakun.carrentalsystem.entity.ClientTest"/>
  <testcase name="testGetPassword" time="0.000" classname="by.skakun.carrentalsystem.entity.ClientTest"/>
  <testcase name="testSetActive" time="0.000" classname="by.skakun.carrentalsystem.entity.ClientTest"/>
  <testcase name="testGetId" time="0.001" classname="by.skakun.carrentalsystem.entity.ClientTest"/>
  <testcase name="testGetSurname" time="0.000" classname="by.skakun.carrentalsystem.entity.ClientTest"/>
  <testcase name="testSetEmail" time="0.001" classname="by.skakun.carrentalsystem.entity.ClientTest"/>
  <testcase name="testEquals" time="0.000" classname="by.skakun.carrentalsystem.entity.ClientTest"/>
  <testcase name="testGetEmail" time="0.001" classname="by.skakun.carrentalsystem.entity.ClientTest"/>
  <testcase name="testSetCredit" time="0.000" classname="by.skakun.carrentalsystem.entity.ClientTest"/>
  <testcase name="testGetType" time="0.000" classname="by.skakun.carrentalsystem.entity.ClientTest"/>
  <testcase name="testSetSurname" time="0.001" classname="by.skakun.carrentalsystem.entity.ClientTest"/>
  <testcase name="testSetId" time="0.000" classname="by.skakun.carrentalsystem.entity.ClientTest"/>
  <testcase name="testSetLogin" time="0.002" classname="by.skakun.carrentalsystem.entity.ClientTest"/>
  <testcase name="testSetPassword" time="0.000" classname="by.skakun.carrentalsystem.entity.ClientTest"/>
  <testcase name="testGetActive" time="0.000" classname="by.skakun.carrentalsystem.entity.ClientTest"/>
  <testcase name="testGetCredit" time="0.000" classname="by.skakun.carrentalsystem.entity.ClientTest"/>
</testsuite> <!-- by.skakun.carrentalsystem.entity.ClientTest -->
