<?xml version="1.0" encoding="UTF-8"?>
<!-- Generated by org.testng.reporters.JUnitReportReporter -->
<testsuite hostname="Crowley.local" name="by.skakun.carrentalsystem.dao.impl.ClientDaoImplTest" tests="2" failures="0" timestamp="21 Aug 2014 22:22:57 GMT" time="1.104" errors="0">
  <testcase name="testCheckLogin" time="1.102" classname="by.skakun.carrentalsystem.dao.impl.ClientDaoImplTest"/>
  <testcase name="testDeleteUser" time="0.002" classname="by.skakun.carrentalsystem.dao.impl.ClientDaoImplTest"/>
</testsuite> <!-- by.skakun.carrentalsystem.dao.impl.ClientDaoImplTest -->
