<?xml version="1.0" encoding="UTF-8"?>
<!-- Generated by org.testng.reporters.JUnitReportReporter -->
<testsuite hostname="Crowley.local" name="by.skakun.carrentalsystem.dao.impl.ClientDaoImplTest" tests="2" failures="0" timestamp="1 Sep 2014 20:04:24 GMT" time="2.335" errors="0">
  <testcase name="testDeleteUser" time="0.001" classname="by.skakun.carrentalsystem.dao.impl.ClientDaoImplTest"/>
  <testcase name="testCheckLogin" time="2.334" classname="by.skakun.carrentalsystem.dao.impl.ClientDaoImplTest"/>
</testsuite> <!-- by.skakun.carrentalsystem.dao.impl.ClientDaoImplTest -->
