<?xml version="1.0" encoding="UTF-8"?>
<!-- Generated by org.testng.reporters.JUnitReportReporter -->
<testsuite hostname="Crowley.local" name="by.skakun.carrentalsystem.logic.PasswordHashingTest" tests="1" failures="0" timestamp="15 Sep 2014 11:14:29 GMT" time="0.038" errors="0">
  <testcase name="testGetHashValue" time="0.038" classname="by.skakun.carrentalsystem.logic.PasswordHashingTest"/>
</testsuite> <!-- by.skakun.carrentalsystem.logic.PasswordHashingTest -->
