<?xml version="1.0" encoding="UTF-8"?>
<!-- Generated by org.testng.reporters.JUnitReportReporter -->
<testsuite hostname="Crowley.local" name="by.skakun.carrentalsystem.logic.PasswordHashingTest" tests="1" failures="0" timestamp="25 Aug 2014 09:34:00 GMT" time="0.033" errors="0">
  <testcase name="testGetHashValue" time="0.033" classname="by.skakun.carrentalsystem.logic.PasswordHashingTest"/>
</testsuite> <!-- by.skakun.carrentalsystem.logic.PasswordHashingTest -->
