<?xml version="1.0" encoding="UTF-8"?>
<!-- Generated by org.testng.reporters.JUnitReportReporter -->
<testsuite hostname="Crowley.local" name="by.skakun.carrentalsystem.dao.impl.ClientDaoImplTest" tests="2" failures="0" timestamp="27 Aug 2014 10:28:21 GMT" time="7.571" errors="0">
  <testcase name="testCheckLogin" time="7.568" classname="by.skakun.carrentalsystem.dao.impl.ClientDaoImplTest"/>
  <testcase name="testDeleteUser" time="0.003" classname="by.skakun.carrentalsystem.dao.impl.ClientDaoImplTest"/>
</testsuite> <!-- by.skakun.carrentalsystem.dao.impl.ClientDaoImplTest -->
