<?xml version="1.0" encoding="UTF-8"?>
<!-- Generated by org.testng.reporters.JUnitReportReporter -->
<testsuite hostname="Crowley.local" name="by.skakun.carrentalsystem.entity.OrderTest" tests="29" failures="0" timestamp="25 Aug 2014 09:34:00 GMT" time="0.048" errors="0">
  <testcase name="testSetCarName" time="0.000" classname="by.skakun.carrentalsystem.entity.OrderTest"/>
  <testcase name="testGetCarName" time="0.001" classname="by.skakun.carrentalsystem.entity.OrderTest"/>
  <testcase name="testGetSumToPay" time="0.000" classname="by.skakun.carrentalsystem.entity.OrderTest"/>
  <testcase name="testSetCarId" time="0.000" classname="by.skakun.carrentalsystem.entity.OrderTest"/>
  <testcase name="testSetUserId" time="0.000" classname="by.skakun.carrentalsystem.entity.OrderTest"/>
  <testcase name="testSetDamaged" time="0.000" classname="by.skakun.carrentalsystem.entity.OrderTest"/>
  <testcase name="testSetSumToPay" time="0.001" classname="by.skakun.carrentalsystem.entity.OrderTest"/>
  <testcase name="testSetConfirmed" time="0.001" classname="by.skakun.carrentalsystem.entity.OrderTest"/>
  <testcase name="testGetClientSurname" time="0.001" classname="by.skakun.carrentalsystem.entity.OrderTest"/>
  <testcase name="testSetPeriod" time="0.000" classname="by.skakun.carrentalsystem.entity.OrderTest"/>
  <testcase name="testGetPrice" time="0.001" classname="by.skakun.carrentalsystem.entity.OrderTest"/>
  <testcase name="testGetPassNum" time="0.040" classname="by.skakun.carrentalsystem.entity.OrderTest"/>
  <testcase name="testSetPaid" time="0.000" classname="by.skakun.carrentalsystem.entity.OrderTest"/>
  <testcase name="testGetPeriod" time="0.000" classname="by.skakun.carrentalsystem.entity.OrderTest"/>
  <testcase name="testSetPassNum" time="0.000" classname="by.skakun.carrentalsystem.entity.OrderTest"/>
  <testcase name="testGetDamaged" time="0.001" classname="by.skakun.carrentalsystem.entity.OrderTest"/>
  <testcase name="testSetPrice" time="0.001" classname="by.skakun.carrentalsystem.entity.OrderTest"/>
  <testcase name="testGetCarId" time="0.001" classname="by.skakun.carrentalsystem.entity.OrderTest"/>
  <testcase name="testGetReturned" time="0.000" classname="by.skakun.carrentalsystem.entity.OrderTest"/>
  <testcase name="testGetUserId" time="0.000" classname="by.skakun.carrentalsystem.entity.OrderTest"/>
  <testcase name="testSetClientSurname" time="0.000" classname="by.skakun.carrentalsystem.entity.OrderTest"/>
  <testcase name="testGetDate" time="0.000" classname="by.skakun.carrentalsystem.entity.OrderTest"/>
  <testcase name="testEquals" time="0.000" classname="by.skakun.carrentalsystem.entity.OrderTest"/>
  <testcase name="testIsPaid" time="0.000" classname="by.skakun.carrentalsystem.entity.OrderTest"/>
  <testcase name="testGetRefusalReason" time="0.000" classname="by.skakun.carrentalsystem.entity.OrderTest"/>
  <testcase name="testSetReturned" time="0.000" classname="by.skakun.carrentalsystem.entity.OrderTest"/>
  <testcase name="testGetConfirmed" time="0.000" classname="by.skakun.carrentalsystem.entity.OrderTest"/>
  <testcase name="testSetRefusalReason" time="0.000" classname="by.skakun.carrentalsystem.entity.OrderTest"/>
  <testcase name="testSetDate" time="0.000" classname="by.skakun.carrentalsystem.entity.OrderTest"/>
</testsuite> <!-- by.skakun.carrentalsystem.entity.OrderTest -->
