<?xml version="1.0" encoding="UTF-8"?>
<!-- Generated by org.testng.reporters.JUnitReportReporter -->
<testsuite hostname="Crowley.local" name="by.skakun.carrentalsystem.dao.impl.ClientDaoImplTest" tests="2" failures="0" timestamp="15 Sep 2014 11:14:29 GMT" time="3.095" errors="0">
  <testcase name="testDeleteUser" time="0.002" classname="by.skakun.carrentalsystem.dao.impl.ClientDaoImplTest"/>
  <testcase name="testCheckLogin" time="3.093" classname="by.skakun.carrentalsystem.dao.impl.ClientDaoImplTest"/>
</testsuite> <!-- by.skakun.carrentalsystem.dao.impl.ClientDaoImplTest -->
